# JRE version: Java(TM) SE Runtime Environment (7.0_72-b14) (build 1.7.0_72-b14)
# Java VM: Java HotSpot(TM) 64-Bit Server VM (24.72-b04 mixed mode linux-amd64 compressed oops)
Heap
 PSYoungGen      total 133632K, used 1718K [0x00000000f5500000, 0x00000000fde00000, 0x0000000100000000)
  eden space 126976K, 1% used [0x00000000f5500000,0x00000000f56ad8a8,0x00000000fd100000)
  from space 6656K, 0% used [0x00000000fd780000,0x00000000fd780000,0x00000000fde00000)
  to   space 6656K, 0% used [0x00000000fd100000,0x00000000fd100000,0x00000000fd780000)
 ParOldGen       total 100352K, used 64003K [0x00000000e0000000, 0x00000000e6200000, 0x00000000f5500000)
  object space 100352K, 63% used [0x00000000e0000000,0x00000000e3e80ea8,0x00000000e6200000)
 PSPermGen       total 124416K, used 123891K [0x00000000d0000000, 0x00000000d7980000, 0x00000000e0000000)
  object space 124416K, 99% used [0x00000000d0000000,0x00000000d78fcf00,0x00000000d7980000)
GC Heap History (10 events):
Event: 7653,478 GC heap before
{Heap before GC invocations=246 (full 108):
 PSYoungGen      total 132608K, used 4319K [0x00000000f5500000, 0x00000000fde00000, 0x0000000100000000)
  eden space 126464K, 0% used [0x00000000f5500000,0x00000000f5500000,0x00000000fd080000)
  from space 6144K, 70% used [0x00000000fd700000,0x00000000fdb37c10,0x00000000fdd00000)
  to   space 6656K, 0% used [0x00000000fd080000,0x00000000fd080000,0x00000000fd700000)
 ParOldGen       total 100352K, used 60965K [0x00000000e0000000, 0x00000000e6200000, 0x00000000f5500000)
  object space 100352K, 60% used [0x00000000e0000000,0x00000000e3b894c8,0x00000000e6200000)
 PSPermGen       total 123904K, used 123873K [0x00000000d0000000, 0x00000000d7900000, 0x00000000e0000000)
  object space 123904K, 99% used [0x00000000d0000000,0x00000000d78f85b8,0x00000000d7900000)
Event: 7653,863 GC heap after
Heap after GC invocations=246 (full 108):
 PSYoungGen      total 132608K, used 0K [0x00000000f5500000, 0x00000000fde00000, 0x0000000100000000)
  eden space 126464K, 0% used [0x00000000f5500000,0x00000000f5500000,0x00000000fd080000)
  from space 6144K, 0% used [0x00000000fd700000,0x00000000fd700000,0x00000000fdd00000)
  to   space 6656K, 0% used [0x00000000fd080000,0x00000000fd080000,0x00000000fd700000)
 ParOldGen       total 100352K, used 60943K [0x00000000e0000000, 0x00000000e6200000, 0x00000000f5500000)
  object space 100352K, 60% used [0x00000000e0000000,0x00000000e3b83d58,0x00000000e6200000)
 PSPermGen       total 124928K, used 123873K [0x00000000d0000000, 0x00000000d7a00000, 0x00000000e0000000)
  object space 124928K, 99% used [0x00000000d0000000,0x00000000d78f8400,0x00000000d7a00000)
}
Event: 7713,464 GC heap before
{Heap before GC invocations=247 (full 108):
 PSYoungGen      total 132608K, used 15208K [0x00000000f5500000, 0x00000000fde00000, 0x0000000100000000)
  eden space 126464K, 12% used [0x00000000f5500000,0x00000000f63da240,0x00000000fd080000)
  from space 6144K, 0% used [0x00000000fd700000,0x00000000fd700000,0x00000000fdd00000)
  to   space 6656K, 0% used [0x00000000fd080000,0x00000000fd080000,0x00000000fd700000)
 ParOldGen       total 100352K, used 60943K [0x00000000e0000000, 0x00000000e6200000, 0x00000000f5500000)
  object space 100352K, 60% used [0x00000000e0000000,0x00000000e3b83d58,0x00000000e6200000)
 PSPermGen       total 124928K, used 123876K [0x00000000d0000000, 0x00000000d7a00000, 0x00000000e0000000)
  object space 124928K, 99% used [0x00000000d0000000,0x00000000d78f9198,0x00000000d7a00000)
Event: 7713,477 GC heap after
Heap after GC invocations=247 (full 108):
 PSYoungGen      total 133120K, used 816K [0x00000000f5500000, 0x00000000fde00000, 0x0000000100000000)
  eden space 126464K, 0% used [0x00000000f5500000,0x00000000f5500000,0x00000000fd080000)
  from space 6656K, 12% used [0x00000000fd080000,0x00000000fd14c010,0x00000000fd700000)
  to   space 6656K, 0% used [0x00000000fd780000,0x00000000fd780000,0x00000000fde00000)
 ParOldGen       total 100352K, used 60943K [0x00000000e0000000, 0x00000000e6200000, 0x00000000f5500000)
  object space 100352K, 60% used [0x00000000e0000000,0x00000000e3b83d58,0x00000000e6200000)
 PSPermGen       total 124928K, used 123876K [0x00000000d0000000, 0x00000000d7a00000, 0x00000000e0000000)
  object space 124928K, 99% used [0x00000000d0000000,0x00000000d78f9198,0x00000000d7a00000)
}
Event: 7713,477 GC heap before
{Heap before GC invocations=248 (full 109):
 PSYoungGen      total 133120K, used 816K [0x00000000f5500000, 0x00000000fde00000, 0x0000000100000000)
  eden space 126464K, 0% used [0x00000000f5500000,0x00000000f5500000,0x00000000fd080000)
  from space 6656K, 12% used [0x00000000fd080000,0x00000000fd14c010,0x00000000fd700000)
  to   space 6656K, 0% used [0x00000000fd780000,0x00000000fd780000,0x00000000fde00000)
 ParOldGen       total 100352K, used 60943K [0x00000000e0000000, 0x00000000e6200000, 0x00000000f5500000)
  object space 100352K, 60% used [0x00000000e0000000,0x00000000e3b83d58,0x00000000e6200000)
 PSPermGen       total 124928K, used 123876K [0x00000000d0000000, 0x00000000d7a00000, 0x00000000e0000000)
  object space 124928K, 99% used [0x00000000d0000000,0x00000000d78f9198,0x00000000d7a00000)
Event: 7713,819 GC heap after
Heap after GC invocations=248 (full 109):
 PSYoungGen      total 133120K, used 0K [0x00000000f5500000, 0x00000000fde00000, 0x0000000100000000)
  eden space 126464K, 0% used [0x00000000f5500000,0x00000000f5500000,0x00000000fd080000)
  from space 6656K, 0% used [0x00000000fd080000,0x00000000fd080000,0x00000000fd700000)
  to   space 6656K, 0% used [0x00000000fd780000,0x00000000fd780000,0x00000000fde00000)
 ParOldGen       total 100352K, used 60961K [0x00000000e0000000, 0x00000000e6200000, 0x00000000f5500000)
  object space 100352K, 60% used [0x00000000e0000000,0x00000000e3b88710,0x00000000e6200000)
 PSPermGen       total 124416K, used 123876K [0x00000000d0000000, 0x00000000d7980000, 0x00000000e0000000)
  object space 124416K, 99% used [0x00000000d0000000,0x00000000d78f9058,0x00000000d7980000)
}
Event: 7774,277 GC heap before
{Heap before GC invocations=249 (full 109):
 PSYoungGen      total 133120K, used 100025K [0x00000000f5500000, 0x00000000fde00000, 0x0000000100000000)
  eden space 126464K, 79% used [0x00000000f5500000,0x00000000fb6ae7c0,0x00000000fd080000)
  from space 6656K, 0% used [0x00000000fd080000,0x00000000fd080000,0x00000000fd700000)
  to   space 6656K, 0% used [0x00000000fd780000,0x00000000fd780000,0x00000000fde00000)
 ParOldGen       total 100352K, used 60961K [0x00000000e0000000, 0x00000000e6200000, 0x00000000f5500000)
  object space 100352K, 60% used [0x00000000e0000000,0x00000000e3b88710,0x00000000e6200000)
 PSPermGen       total 124416K, used 123892K [0x00000000d0000000, 0x00000000d7980000, 0x00000000e0000000)
  object space 124416K, 99% used [0x00000000d0000000,0x00000000d78fd340,0x00000000d7980000)
Event: 7774,294 GC heap after
Heap after GC invocations=249 (full 109):
 PSYoungGen      total 133632K, used 4405K [0x00000000f5500000, 0x00000000fde00000, 0x0000000100000000)
  eden space 126976K, 0% used [0x00000000f5500000,0x00000000f5500000,0x00000000fd100000)
  from space 6656K, 66% used [0x00000000fd780000,0x00000000fdbcd548,0x00000000fde00000)
  to   space 6656K, 0% used [0x00000000fd100000,0x00000000fd100000,0x00000000fd780000)
 ParOldGen       total 100352K, used 60961K [0x00000000e0000000, 0x00000000e6200000, 0x00000000f5500000)
  object space 100352K, 60% used [0x00000000e0000000,0x00000000e3b88710,0x00000000e6200000)
 PSPermGen       total 124416K, used 123892K [0x00000000d0000000, 0x00000000d7980000, 0x00000000e0000000)
  object space 124416K, 99% used [0x00000000d0000000,0x00000000d78fd340,0x00000000d7980000)
}
Event: 7774,294 GC heap before
{Heap before GC invocations=250 (full 110):
 PSYoungGen      total 133632K, used 4405K [0x00000000f5500000, 0x00000000fde00000, 0x0000000100000000)
  eden space 126976K, 0% used [0x00000000f5500000,0x00000000f5500000,0x00000000fd100000)
  from space 6656K, 66% used [0x00000000fd780000,0x00000000fdbcd548,0x00000000fde00000)
  to   space 6656K, 0% used [0x00000000fd100000,0x00000000fd100000,0x00000000fd780000)
 ParOldGen       total 100352K, used 60961K [0x00000000e0000000, 0x00000000e6200000, 0x00000000f5500000)
  object space 100352K, 60% used [0x00000000e0000000,0x00000000e3b88710,0x00000000e6200000)
 PSPermGen       total 124416K, used 123892K [0x00000000d0000000, 0x00000000d7980000, 0x00000000e0000000)
  object space 124416K, 99% used [0x00000000d0000000,0x00000000d78fd340,0x00000000d7980000)
Event: 7774,660 GC heap after
Heap after GC invocations=250 (full 110):
 PSYoungGen      total 133632K, used 0K [0x00000000f5500000, 0x00000000fde00000, 0x0000000100000000)
  eden space 126976K, 0% used [0x00000000f5500000,0x00000000f5500000,0x00000000fd100000)
  from space 6656K, 0% used [0x00000000fd780000,0x00000000fd780000,0x00000000fde00000)
  to   space 6656K, 0% used [0x00000000fd100000,0x00000000fd100000,0x00000000fd780000)
 ParOldGen       total 100352K, used 64003K [0x00000000e0000000, 0x00000000e6200000, 0x00000000f5500000)
  object space 100352K, 63% used [0x00000000e0000000,0x00000000e3e80ea8,0x00000000e6200000)
 PSPermGen       total 124416K, used 123891K [0x00000000d0000000, 0x00000000d7980000, 0x00000000e0000000)
  object space 124416K, 99% used [0x00000000d0000000,0x00000000d78fcf00,0x00000000d7980000)
}

