-------------------------------------------------------------------------------
Test set: br.com.dextra.estagio2015.atv06.Atividade6Test
-------------------------------------------------------------------------------
Tests run: 1, Failures: 0, Errors: 1, Skipped: 0, Time elapsed: 0.001 sec <<< FAILURE!
br.com.dextra.estagio2015.atv06.Atividade6Test  Time elapsed: 0.001 sec  <<< ERROR!
javax.naming.NameAlreadyBoundException: config
	at com.googlecode.mycontainer.kernel.naming.MyContainerContext.bind(MyContainerContext.java:57)
	at com.googlecode.mycontainer.kernel.naming.MyContainerContext.bind(MyContainerContext.java:80)
	at com.googlecode.mycontainer.kernel.naming.MyContainerContext.bind(MyContainerContext.java:80)
	at com.googlecode.mycontainer.kernel.naming.MyContainerContext.bind(MyContainerContext.java:80)
	at com.googlecode.mycontainer.kernel.naming.MyContainerContext.bind(MyContainerContext.java:84)
	at javax.naming.InitialContext.bind(InitialContext.java:419)
	at br.com.dextra.estagio2015.comum.JPA_DB_Utils.bindContext(JPA_DB_Utils.java:34)
	at br.com.dextra.estagio2015.comum.JPA_DB_Utils.start(JPA_DB_Utils.java:26)
	at br.com.dextra.estagio2015.atv06.Atividade6Test.setUp(Atividade6Test.java:17)
	at sun.reflect.NativeMethodAccessorImpl.invoke0(Native Method)
	at sun.reflect.NativeMethodAccessorImpl.invoke(NativeMethodAccessorImpl.java:57)
	at sun.reflect.DelegatingMethodAccessorImpl.invoke(DelegatingMethodAccessorImpl.java:43)
	at java.lang.reflect.Method.invoke(Method.java:606)
	at org.junit.runners.model.FrameworkMethod$1.runReflectiveCall(FrameworkMethod.java:44)
	at org.junit.internal.runners.model.ReflectiveCallable.run(ReflectiveCallable.java:15)
	at org.junit.runners.model.FrameworkMethod.invokeExplosively(FrameworkMethod.java:41)
	at org.junit.internal.runners.statements.RunBefores.evaluate(RunBefores.java:27)
	at org.junit.runners.ParentRunner.run(ParentRunner.java:236)
	at org.apache.maven.surefire.junit4.JUnit4Provider.execute(JUnit4Provider.java:252)
	at org.apache.maven.surefire.junit4.JUnit4Provider.executeTestSet(JUnit4Provider.java:141)
	at org.apache.maven.surefire.junit4.JUnit4Provider.invoke(JUnit4Provider.java:112)
	at sun.reflect.NativeMethodAccessorImpl.invoke0(Native Method)
	at sun.reflect.NativeMethodAccessorImpl.invoke(NativeMethodAccessorImpl.java:57)
	at sun.reflect.DelegatingMethodAccessorImpl.invoke(DelegatingMethodAccessorImpl.java:43)
	at java.lang.reflect.Method.invoke(Method.java:606)
	at org.apache.maven.surefire.util.ReflectionUtils.invokeMethodWithArray(ReflectionUtils.java:189)
	at org.apache.maven.surefire.booter.ProviderFactory$ProviderProxy.invoke(ProviderFactory.java:165)
	at org.apache.maven.surefire.booter.ProviderFactory.invokeProvider(ProviderFactory.java:85)
	at org.apache.maven.surefire.booter.ForkedBooter.runSuitesInProcess(ForkedBooter.java:115)
	at org.apache.maven.surefire.booter.ForkedBooter.main(ForkedBooter.java:75)

